app/build/outputs/logs/manifest-merger-debug-report.txt
-- Merging decision tree log ---
manifest
ADDED from src\main\AndroidManifest.xml:2:1-58:12
	xmlns:android
		ADDED from src\main\AndroidManifest.xml:2:11-69
	package
		ADDED from src\main\AndroidManifest.xml:3:5-31
		INJECTED from src\main\AndroidManifest.xml
		INJECTED from src\main\AndroidManifest.xml
	android:versionName
		ADDED from src\main\AndroidManifest.xml:5:5-30
		INJECTED from src\main\AndroidManifest.xml
		INJECTED from src\main\AndroidManifest.xml
	android:versionCode
		ADDED from src\main\AndroidManifest.xml:4:5-28
		INJECTED from src\main\AndroidManifest.xml
		INJECTED from src\main\AndroidManifest.xml
uses-sdk
ADDED from src\main\AndroidManifest.xml:7:5-9:41
	android:targetSdkVersion
		ADDED from src\main\AndroidManifest.xml:9:9-38
		INJECTED from src\main\AndroidManifest.xml
		INJECTED from src\main\AndroidManifest.xml
	android:minSdkVersion
		ADDED from src\main\AndroidManifest.xml:8:9-35
		INJECTED from src\main\AndroidManifest.xml
		INJECTED from src\main\AndroidManifest.xml
uses-permission#android.permission.INTERNET
ADDED from src\main\AndroidManifest.xml:11:2-64
	android:name
		ADDED from src\main\AndroidManifest.xml:11:19-61
uses-permission#android.permission.WRITE_EXTERNAL_STORAGE
ADDED from src\main\AndroidManifest.xml:12:5-81
	android:name
		ADDED from src\main\AndroidManifest.xml:12:22-78
uses-permission#android.permission.ACCESS_WIFI_STATE
ADDED from src\main\AndroidManifest.xml:13:5-76
	android:name
		ADDED from src\main\AndroidManifest.xml:13:22-73
uses-permission#android.permission.ACCESS_NETWORK_STATE
ADDED from src\main\AndroidManifest.xml:14:5-79
	android:name
		ADDED from src\main\AndroidManifest.xml:14:22-76
application
ADDED from src\main\AndroidManifest.xml:16:5-56:19
	android:label
		ADDED from src\main\AndroidManifest.xml:19:9-41
	android:allowBackup
		ADDED from src\main\AndroidManifest.xml:17:9-35
	android:icon
		ADDED from src\main\AndroidManifest.xml:18:9-45
	android:theme
		ADDED from src\main\AndroidManifest.xml:20:9-40
activity#com.krabd.klient.MainActivity
ADDED from src\main\AndroidManifest.xml:21:9-30:20
	android:windowSoftInputMode
		ADDED from src\main\AndroidManifest.xml:23:13-52
	android:label
		ADDED from src\main\AndroidManifest.xml:24:13-45
	android:name
		ADDED from src\main\AndroidManifest.xml:22:13-57
intent-filter#android.intent.action.MAIN+android.intent.category.LAUNCHER
ADDED from src\main\AndroidManifest.xml:25:13-29:29
action#android.intent.action.MAIN
ADDED from src\main\AndroidManifest.xml:26:17-69
	android:name
		ADDED from src\main\AndroidManifest.xml:26:25-66
category#android.intent.category.LAUNCHER
ADDED from src\main\AndroidManifest.xml:28:17-77
	android:name
		ADDED from src\main\AndroidManifest.xml:28:27-74
activity#com.krabd.klient.MenuActivity
ADDED from src\main\AndroidManifest.xml:31:9-33:14
	android:label
		ADDED from src\main\AndroidManifest.xml:32:7-41
	android:name
		ADDED from src\main\AndroidManifest.xml:31:19-47
activity#com.krabd.klient.LekciiActivity
ADDED from src\main\AndroidManifest.xml:34:3-36:14
	android:label
		ADDED from src\main\AndroidManifest.xml:35:7-43
	android:name
		ADDED from src\main\AndroidManifest.xml:34:13-43
activity#com.krabd.klient.LecActivity
ADDED from src\main\AndroidManifest.xml:37:3-39:14
	android:label
		ADDED from src\main\AndroidManifest.xml:38:7-43
	android:name
		ADDED from src\main\AndroidManifest.xml:37:13-40
activity#com.krabd.klient.StatistActivity
ADDED from src\main\AndroidManifest.xml:40:3-42:14
	android:label
		ADDED from src\main\AndroidManifest.xml:41:7-44
	android:name
		ADDED from src\main\AndroidManifest.xml:40:13-44
activity#com.krabd.klient.RegActivity
ADDED from src\main\AndroidManifest.xml:43:3-46:14
	android:windowSoftInputMode
		ADDED from src\main\AndroidManifest.xml:44:7-46
	android:label
		ADDED from src\main\AndroidManifest.xml:45:7-40
	android:name
		ADDED from src\main\AndroidManifest.xml:43:13-40
activity#com.krabd.klient.TestsActivity
ADDED from src\main\AndroidManifest.xml:47:3-49:14
	android:label
		ADDED from src\main\AndroidManifest.xml:48:7-42
	android:name
		ADDED from src\main\AndroidManifest.xml:47:13-42
activity#com.krabd.klient.TestActivity
ADDED from src\main\AndroidManifest.xml:50:3-52:14
	android:label
		ADDED from src\main\AndroidManifest.xml:51:7-41
	android:name
		ADDED from src\main\AndroidManifest.xml:50:13-41
activity#com.krabd.klient.SettingsActivity
ADDED from src\main\AndroidManifest.xml:53:3-55:14
	android:label
		ADDED from src\main\AndroidManifest.xml:54:7-45
	android:name
		ADDED from src\main\AndroidManifest.xml:53:13-45